mode: set
logical_calculator/internal/zhegalkin/zhegalkin.go:8.64,12.31 3 1
logical_calculator/internal/zhegalkin/zhegalkin.go:12.31,13.12 1 1
logical_calculator/internal/zhegalkin/zhegalkin.go:13.12,15.4 1 1
logical_calculator/internal/zhegalkin/zhegalkin.go:17.2,17.21 1 1
logical_calculator/internal/zhegalkin/zhegalkin.go:17.21,19.3 1 1
logical_calculator/internal/zhegalkin/zhegalkin.go:20.2,20.35 1 1
logical_calculator/internal/zhegalkin/zhegalkin.go:24.47,27.28 3 1
logical_calculator/internal/zhegalkin/zhegalkin.go:27.28,29.3 1 1
logical_calculator/internal/zhegalkin/zhegalkin.go:30.2,30.28 1 1
logical_calculator/internal/zhegalkin/zhegalkin.go:30.28,31.33 1 1
logical_calculator/internal/zhegalkin/zhegalkin.go:31.33,32.27 1 1
logical_calculator/internal/zhegalkin/zhegalkin.go:32.27,34.5 1 1
logical_calculator/internal/zhegalkin/zhegalkin.go:37.2,37.15 1 1
logical_calculator/internal/zhegalkin/zhegalkin.go:40.58,41.16 1 1
logical_calculator/internal/zhegalkin/zhegalkin.go:41.16,43.3 1 0
logical_calculator/internal/zhegalkin/zhegalkin.go:44.2,45.32 2 1
logical_calculator/internal/zhegalkin/zhegalkin.go:45.32,47.28 2 1
logical_calculator/internal/zhegalkin/zhegalkin.go:47.28,49.4 1 1
logical_calculator/internal/zhegalkin/zhegalkin.go:51.2,51.32 1 1
logical_calculator/internal/truthtable/truthtable.go:10.46,12.28 2 1
logical_calculator/internal/truthtable/truthtable.go:12.28,13.35 1 1
logical_calculator/internal/truthtable/truthtable.go:13.35,15.4 1 1
logical_calculator/internal/truthtable/truthtable.go:17.2,18.24 2 1
logical_calculator/internal/truthtable/truthtable.go:18.24,20.3 1 1
logical_calculator/internal/truthtable/truthtable.go:21.2,22.13 2 1
logical_calculator/internal/truthtable/truthtable.go:26.62,30.32 3 1
logical_calculator/internal/truthtable/truthtable.go:30.32,38.3 3 1
logical_calculator/internal/truthtable/truthtable.go:39.2,39.14 1 1
logical_calculator/internal/truthtable/truthtable.go:42.64,44.32 2 1
logical_calculator/internal/truthtable/truthtable.go:44.32,47.3 2 1
logical_calculator/internal/truthtable/truthtable.go:48.2,48.15 1 1
logical_calculator/internal/derivatives/derivatives.go:10.69,12.25 2 1
logical_calculator/internal/derivatives/derivatives.go:12.25,13.35 1 1
logical_calculator/internal/derivatives/derivatives.go:13.35,15.4 1 1
logical_calculator/internal/derivatives/derivatives.go:17.2,17.16 1 1
logical_calculator/internal/derivatives/derivatives.go:20.69,22.34 2 1
logical_calculator/internal/derivatives/derivatives.go:22.34,23.24 1 1
logical_calculator/internal/derivatives/derivatives.go:23.24,25.51 2 1
logical_calculator/internal/derivatives/derivatives.go:25.51,27.5 1 1
logical_calculator/internal/derivatives/derivatives.go:30.2,30.13 1 1
logical_calculator/internal/derivatives/derivatives.go:34.71,37.26 3 1
logical_calculator/internal/derivatives/derivatives.go:37.26,39.3 1 1
logical_calculator/internal/derivatives/derivatives.go:41.2,41.60 1 1
logical_calculator/internal/derivatives/derivatives.go:41.60,44.37 3 1
logical_calculator/internal/derivatives/derivatives.go:44.37,46.4 1 1
logical_calculator/internal/derivatives/derivatives.go:48.2,48.20 1 1
logical_calculator/internal/derivatives/derivatives.go:51.100,53.28 2 1
logical_calculator/internal/derivatives/derivatives.go:53.28,56.3 2 1
logical_calculator/internal/derivatives/derivatives.go:58.2,62.19 4 1
logical_calculator/internal/derivatives/derivatives.go:62.19,64.3 1 1
logical_calculator/internal/derivatives/derivatives.go:65.2,67.69 3 1
logical_calculator/internal/derivatives/derivatives.go:70.72,73.36 3 1
logical_calculator/internal/derivatives/derivatives.go:73.36,76.3 2 1
logical_calculator/internal/derivatives/derivatives.go:77.2,77.14 1 1
logical_calculator/internal/derivatives/derivatives.go:81.69,84.30 2 1
logical_calculator/internal/derivatives/derivatives.go:84.30,86.3 1 1
logical_calculator/internal/derivatives/derivatives.go:88.2,89.24 2 1
logical_calculator/internal/derivatives/derivatives.go:89.24,91.3 1 0
logical_calculator/internal/derivatives/derivatives.go:93.2,96.49 3 1
logical_calculator/internal/derivatives/derivatives.go:99.53,100.25 1 1
logical_calculator/internal/derivatives/derivatives.go:100.25,101.18 1 1
logical_calculator/internal/derivatives/derivatives.go:101.18,103.4 1 1
logical_calculator/internal/derivatives/derivatives.go:105.2,105.11 1 0
logical_calculator/internal/derivatives/derivatives.go:108.43,110.30 2 1
logical_calculator/internal/derivatives/derivatives.go:110.30,111.10 1 1
logical_calculator/internal/derivatives/derivatives.go:111.10,113.4 1 1
logical_calculator/internal/derivatives/derivatives.go:115.2,115.23 1 1
logical_calculator/internal/derivatives/derivatives.go:115.23,117.3 1 0
logical_calculator/internal/derivatives/derivatives.go:118.2,118.48 1 1
logical_calculator/internal/derivatives/derivatives.go:122.55,125.47 3 1
logical_calculator/internal/derivatives/derivatives.go:125.47,126.24 1 1
logical_calculator/internal/derivatives/derivatives.go:126.24,131.4 4 1
logical_calculator/internal/derivatives/derivatives.go:132.3,132.38 1 1
logical_calculator/internal/derivatives/derivatives.go:132.38,134.4 1 1
logical_calculator/internal/derivatives/derivatives.go:136.2,137.15 2 1
logical_calculator/cmd/main.go:16.13,19.21 3 1
logical_calculator/cmd/main.go:19.21,21.3 1 0
logical_calculator/cmd/main.go:22.2,28.58 4 1
logical_calculator/cmd/main.go:28.58,31.3 2 0
logical_calculator/cmd/main.go:33.2,40.25 5 1
logical_calculator/cmd/main.go:40.25,42.3 1 1
logical_calculator/cmd/main.go:43.2,44.28 2 1
logical_calculator/cmd/main.go:44.28,45.26 1 1
logical_calculator/cmd/main.go:45.26,46.21 1 1
logical_calculator/cmd/main.go:46.21,48.5 1 1
logical_calculator/cmd/main.go:48.10,50.5 1 1
logical_calculator/cmd/main.go:52.3,52.17 1 1
logical_calculator/cmd/main.go:52.17,54.4 1 1
logical_calculator/cmd/main.go:54.9,56.4 1 1
logical_calculator/cmd/main.go:60.2,71.45 7 1
logical_calculator/cmd/main.go:71.45,73.3 1 0
logical_calculator/cmd/main.go:73.8,75.3 1 1
logical_calculator/cmd/main.go:78.2,110.61 19 1
logical_calculator/internal/postclass/postclass.go:8.36,10.2 1 1
logical_calculator/internal/postclass/postclass.go:12.36,14.2 1 1
logical_calculator/internal/postclass/postclass.go:16.42,18.27 2 1
logical_calculator/internal/postclass/postclass.go:18.27,19.45 1 1
logical_calculator/internal/postclass/postclass.go:19.45,21.4 1 1
logical_calculator/internal/postclass/postclass.go:23.2,23.13 1 1
logical_calculator/internal/postclass/postclass.go:26.43,27.34 1 1
logical_calculator/internal/postclass/postclass.go:27.34,28.39 1 1
logical_calculator/internal/postclass/postclass.go:28.39,29.61 1 1
logical_calculator/internal/postclass/postclass.go:29.61,31.5 1 1
logical_calculator/internal/postclass/postclass.go:34.2,34.13 1 1
logical_calculator/internal/postclass/postclass.go:38.40,40.27 2 1
logical_calculator/internal/postclass/postclass.go:40.27,41.28 1 1
logical_calculator/internal/postclass/postclass.go:41.28,43.4 1 1
logical_calculator/internal/postclass/postclass.go:45.2,45.13 1 1
logical_calculator/internal/postclass/postclass.go:49.54,51.2 1 1
logical_calculator/internal/postclass/postclass.go:53.30,55.2 1 1
logical_calculator/internal/postclass/postclass.go:57.27,59.12 2 1
logical_calculator/internal/postclass/postclass.go:59.12,62.3 2 1
logical_calculator/internal/postclass/postclass.go:63.2,63.14 1 1
logical_calculator/internal/parser/parser.go:9.39,17.2 7 1
logical_calculator/internal/parser/parser.go:20.38,22.29 2 1
logical_calculator/internal/parser/parser.go:22.29,24.3 1 1
logical_calculator/internal/parser/parser.go:25.2,25.15 1 1
logical_calculator/internal/parser/parser.go:29.43,31.31 2 1
logical_calculator/internal/parser/parser.go:31.31,33.3 1 1
logical_calculator/internal/parser/parser.go:34.2,34.21 1 1
logical_calculator/internal/parser/parser.go:34.21,37.3 2 1
logical_calculator/internal/parser/parser.go:38.2,38.12 1 1
logical_calculator/internal/parser/parser.go:41.81,42.23 1 1
logical_calculator/internal/parser/parser.go:42.23,44.3 1 1
logical_calculator/internal/parser/parser.go:45.2,45.27 1 1
logical_calculator/internal/parser/parser.go:45.27,47.3 1 1
logical_calculator/internal/parser/parser.go:48.2,48.27 1 1
logical_calculator/internal/parser/parser.go:48.27,50.3 1 1
logical_calculator/internal/parser/parser.go:51.2,51.48 1 1
logical_calculator/internal/parser/parser.go:54.68,55.60 1 1
logical_calculator/internal/parser/parser.go:55.60,58.3 2 1
logical_calculator/internal/parser/parser.go:59.2,59.20 1 1
logical_calculator/internal/parser/parser.go:59.20,61.3 1 1
logical_calculator/internal/parser/parser.go:62.2,62.19 1 1
logical_calculator/internal/parser/parser.go:65.80,66.76 1 1
logical_calculator/internal/parser/parser.go:66.76,69.3 2 0
logical_calculator/internal/parser/parser.go:70.2,70.31 1 1
logical_calculator/internal/parser/parser.go:73.33,74.12 1 1
logical_calculator/internal/parser/parser.go:75.20,76.28 1 0
logical_calculator/internal/parser/parser.go:77.20,78.28 1 1
logical_calculator/internal/parser/parser.go:79.19,80.27 1 1
logical_calculator/internal/parser/parser.go:81.20,82.28 1 0
logical_calculator/internal/parser/parser.go:83.19,84.27 1 0
logical_calculator/internal/parser/parser.go:86.2,86.27 1 1
logical_calculator/internal/parser/parser.go:89.36,91.2 1 1
logical_calculator/internal/parser/validator.go:10.48,11.22 1 1
logical_calculator/internal/parser/validator.go:11.22,13.3 1 1
logical_calculator/internal/parser/validator.go:15.2,16.31 2 1
logical_calculator/internal/parser/validator.go:16.31,18.28 1 1
logical_calculator/internal/parser/validator.go:18.28,20.4 1 1
logical_calculator/internal/parser/validator.go:20.9,20.35 1 1
logical_calculator/internal/parser/validator.go:20.35,22.19 2 1
logical_calculator/internal/parser/validator.go:22.19,24.5 1 1
logical_calculator/internal/parser/validator.go:28.3,28.27 1 1
logical_calculator/internal/parser/validator.go:28.27,30.4 1 1
logical_calculator/internal/parser/validator.go:33.3,33.12 1 1
logical_calculator/internal/parser/validator.go:33.12,34.60 1 1
logical_calculator/internal/parser/validator.go:34.60,36.5 1 1
logical_calculator/internal/parser/validator.go:40.2,40.18 1 1
logical_calculator/internal/parser/validator.go:40.18,42.3 1 1
logical_calculator/internal/parser/validator.go:44.2,44.12 1 1
logical_calculator/internal/parser/validator.go:47.38,50.2 1 1
logical_calculator/internal/parser/validator.go:52.42,53.15 1 1
logical_calculator/internal/parser/validator.go:54.60,55.14 1 1
logical_calculator/internal/parser/validator.go:57.2,57.14 1 1
logical_calculator/internal/parser/validator.go:60.45,61.106 1 1
logical_calculator/internal/parser/validator.go:61.106,63.3 1 0
logical_calculator/internal/parser/validator.go:64.2,64.118 1 1
logical_calculator/internal/parser/validator.go:64.118,66.3 1 1
logical_calculator/internal/parser/validator.go:67.2,67.12 1 1
logical_calculator/internal/minimization/calculation.go:9.72,12.2 2 1
logical_calculator/internal/minimization/calculation.go:14.72,17.2 2 1
logical_calculator/internal/minimization/calculation.go:22.70,24.21 1 1
logical_calculator/internal/minimization/calculation.go:24.21,26.3 1 1
logical_calculator/internal/minimization/calculation.go:28.2,39.20 8 1
logical_calculator/internal/minimization/calculation.go:43.74,45.6 2 1
logical_calculator/internal/minimization/calculation.go:45.6,47.35 2 1
logical_calculator/internal/minimization/calculation.go:47.35,49.4 1 1
logical_calculator/internal/minimization/calculation.go:50.3,51.21 2 1
logical_calculator/internal/minimization/calculation.go:51.21,52.9 1 1
logical_calculator/internal/minimization/calculation.go:54.3,54.17 1 1
logical_calculator/internal/minimization/calculation.go:56.2,56.33 1 1
logical_calculator/internal/minimization/calculation.go:59.150,64.36 4 1
logical_calculator/internal/minimization/calculation.go:64.36,65.41 1 1
logical_calculator/internal/minimization/calculation.go:65.41,67.10 2 1
logical_calculator/internal/minimization/calculation.go:67.10,72.5 3 1
logical_calculator/internal/minimization/calculation.go:75.2,75.32 1 1
logical_calculator/internal/minimization/calculation.go:78.98,79.28 1 1
logical_calculator/internal/minimization/calculation.go:79.28,80.15 1 1
logical_calculator/internal/minimization/calculation.go:80.15,82.4 1 1
logical_calculator/internal/minimization/calculation.go:84.2,84.15 1 1
logical_calculator/internal/minimization/calculation.go:87.58,90.26 3 1
logical_calculator/internal/minimization/calculation.go:90.26,92.18 2 1
logical_calculator/internal/minimization/calculation.go:92.18,95.4 2 1
logical_calculator/internal/minimization/calculation.go:97.2,97.12 1 1
logical_calculator/internal/minimization/calculation.go:100.170,102.35 2 1
logical_calculator/internal/minimization/calculation.go:102.35,103.51 1 1
logical_calculator/internal/minimization/calculation.go:103.51,105.17 2 1
logical_calculator/internal/minimization/calculation.go:105.17,107.5 1 1
logical_calculator/internal/minimization/calculation.go:108.9,109.17 1 0
logical_calculator/internal/minimization/calculation.go:109.17,111.5 1 0
logical_calculator/internal/minimization/calculation.go:114.2,114.14 1 1
logical_calculator/internal/minimization/calculation.go:117.100,118.30 1 1
logical_calculator/internal/minimization/calculation.go:118.30,119.24 1 1
logical_calculator/internal/minimization/calculation.go:119.24,121.30 2 1
logical_calculator/internal/minimization/calculation.go:121.30,122.41 1 1
logical_calculator/internal/minimization/calculation.go:122.41,124.11 2 0
logical_calculator/internal/minimization/calculation.go:127.4,127.24 1 1
logical_calculator/internal/minimization/calculation.go:127.24,129.5 1 1
logical_calculator/internal/minimization/calculation.go:132.2,132.14 1 0
logical_calculator/internal/minimization/calculation.go:135.50,137.2 1 1
logical_calculator/internal/minimization/karnaugh.go:9.69,14.2 3 1
logical_calculator/internal/minimization/karnaugh.go:16.69,21.2 3 0
logical_calculator/internal/minimization/karnaugh.go:23.122,26.2 2 1
logical_calculator/internal/minimization/karnaugh.go:29.85,30.19 1 1
logical_calculator/internal/minimization/karnaugh.go:30.19,32.3 1 1
logical_calculator/internal/minimization/karnaugh.go:34.2,41.29 6 1
logical_calculator/internal/minimization/karnaugh.go:41.29,43.3 1 1
logical_calculator/internal/minimization/karnaugh.go:44.2,46.29 2 1
logical_calculator/internal/minimization/karnaugh.go:46.29,48.30 2 1
logical_calculator/internal/minimization/karnaugh.go:48.30,53.11 4 1
logical_calculator/internal/minimization/karnaugh.go:53.11,55.5 1 1
logical_calculator/internal/minimization/karnaugh.go:56.4,56.46 1 1
logical_calculator/internal/minimization/karnaugh.go:58.3,58.23 1 1
logical_calculator/internal/minimization/karnaugh.go:61.2,62.20 2 1
logical_calculator/internal/minimization/karnaugh.go:65.52,67.20 2 1
logical_calculator/internal/minimization/karnaugh.go:67.20,69.3 1 1
logical_calculator/internal/minimization/karnaugh.go:70.2,70.33 1 1
logical_calculator/internal/minimization/karnaugh.go:73.40,76.29 3 1
logical_calculator/internal/minimization/karnaugh.go:76.29,78.3 1 1
logical_calculator/internal/minimization/karnaugh.go:79.2,79.14 1 1
logical_calculator/internal/minimization/karnaugh.go:82.41,85.2 2 1
logical_calculator/internal/minimization/karnaugh.go:87.57,88.26 1 1
logical_calculator/internal/minimization/karnaugh.go:88.26,89.23 1 1
logical_calculator/internal/minimization/karnaugh.go:89.23,91.4 1 1
logical_calculator/internal/minimization/karnaugh.go:93.2,93.14 1 0
logical_calculator/internal/minimization/tabular_calc.go:9.72,12.2 2 1
logical_calculator/internal/minimization/tabular_calc.go:14.72,17.2 2 1
logical_calculator/internal/minimization/tabular_calc.go:21.70,23.21 1 1
logical_calculator/internal/minimization/tabular_calc.go:23.21,25.3 1 1
logical_calculator/internal/minimization/tabular_calc.go:27.2,38.20 9 1
logical_calculator/internal/minimization/tabular_calc.go:41.124,46.27 3 1
logical_calculator/internal/minimization/tabular_calc.go:46.27,48.34 2 1
logical_calculator/internal/minimization/tabular_calc.go:48.34,50.4 1 0
logical_calculator/internal/minimization/tabular_calc.go:52.2,59.30 4 1
logical_calculator/internal/minimization/tabular_calc.go:59.30,61.3 1 1
logical_calculator/internal/minimization/tabular_calc.go:62.2,69.27 4 1
logical_calculator/internal/minimization/tabular_calc.go:69.27,71.31 2 1
logical_calculator/internal/minimization/tabular_calc.go:71.31,72.20 1 1
logical_calculator/internal/minimization/tabular_calc.go:72.20,74.5 1 1
logical_calculator/internal/minimization/tabular_calc.go:74.10,76.5 1 1
logical_calculator/internal/minimization/tabular_calc.go:78.3,78.24 1 1
logical_calculator/internal/minimization/tabular_calc.go:81.2,81.20 1 1
logical_calculator/internal/minimization/term.go:10.69,12.28 2 1
logical_calculator/internal/minimization/term.go:12.28,13.17 1 1
logical_calculator/internal/minimization/term.go:13.17,15.4 1 1
logical_calculator/internal/minimization/term.go:17.2,17.14 1 1
logical_calculator/internal/minimization/term.go:20.69,22.28 2 1
logical_calculator/internal/minimization/term.go:22.28,23.18 1 1
logical_calculator/internal/minimization/term.go:23.18,25.4 1 0
logical_calculator/internal/minimization/term.go:27.2,27.14 1 1
logical_calculator/internal/minimization/term.go:30.59,36.2 1 1
logical_calculator/internal/minimization/term.go:38.55,39.24 1 1
logical_calculator/internal/minimization/term.go:39.24,41.3 1 1
logical_calculator/internal/minimization/term.go:42.2,43.39 2 1
logical_calculator/internal/minimization/term.go:43.39,49.3 5 1
logical_calculator/internal/minimization/term.go:50.2,50.29 1 1
logical_calculator/internal/minimization/term.go:54.58,56.25 2 1
logical_calculator/internal/minimization/term.go:56.25,58.29 2 1
logical_calculator/internal/minimization/term.go:58.29,59.31 1 1
logical_calculator/internal/minimization/term.go:59.31,61.5 1 1
logical_calculator/internal/minimization/term.go:61.10,63.5 1 1
logical_calculator/internal/minimization/term.go:66.2,66.21 1 1
logical_calculator/internal/minimization/term.go:66.21,68.3 1 1
logical_calculator/internal/minimization/term.go:69.2,69.62 1 1
logical_calculator/internal/minimization/term.go:73.58,75.25 2 1
logical_calculator/internal/minimization/term.go:75.25,77.29 2 1
logical_calculator/internal/minimization/term.go:77.29,78.31 1 0
logical_calculator/internal/minimization/term.go:78.31,80.5 1 0
logical_calculator/internal/minimization/term.go:80.10,82.5 1 0
logical_calculator/internal/minimization/term.go:85.2,85.21 1 1
logical_calculator/internal/minimization/term.go:85.21,87.3 1 1
logical_calculator/internal/minimization/term.go:88.2,88.65 1 0
logical_calculator/internal/minimization/term.go:91.59,93.30 2 1
logical_calculator/internal/minimization/term.go:93.30,95.3 1 1
logical_calculator/internal/minimization/term.go:96.2,96.64 1 1
logical_calculator/internal/minimization/term.go:99.64,100.21 1 1
logical_calculator/internal/minimization/term.go:100.21,102.3 1 1
logical_calculator/internal/minimization/term.go:103.2,104.26 2 1
logical_calculator/internal/minimization/term.go:104.26,106.3 1 1
logical_calculator/internal/minimization/term.go:107.2,107.35 1 1
logical_calculator/internal/minimization/term.go:110.65,111.21 1 1
logical_calculator/internal/minimization/term.go:111.21,113.3 1 1
logical_calculator/internal/minimization/term.go:114.2,115.26 2 0
logical_calculator/internal/minimization/term.go:115.26,117.3 1 0
logical_calculator/internal/minimization/term.go:118.2,118.35 1 0
logical_calculator/internal/forms/forms.go:8.58,10.28 2 1
logical_calculator/internal/forms/forms.go:10.28,11.17 1 1
logical_calculator/internal/forms/forms.go:11.17,13.4 1 1
logical_calculator/internal/forms/forms.go:15.2,15.35 1 1
logical_calculator/internal/forms/forms.go:18.58,20.28 2 1
logical_calculator/internal/forms/forms.go:20.28,21.18 1 1
logical_calculator/internal/forms/forms.go:21.18,23.4 1 1
logical_calculator/internal/forms/forms.go:25.2,25.35 1 1
logical_calculator/internal/forms/forms.go:28.67,30.25 2 1
logical_calculator/internal/forms/forms.go:30.25,32.3 1 1
logical_calculator/internal/forms/forms.go:33.2,34.13 2 1
logical_calculator/internal/forms/forms.go:34.13,36.3 1 1
logical_calculator/internal/forms/forms.go:37.2,37.51 1 1
logical_calculator/internal/forms/forms.go:40.56,42.14 2 1
logical_calculator/internal/forms/forms.go:42.14,44.3 1 1
logical_calculator/internal/forms/forms.go:45.2,45.10 1 1
logical_calculator/internal/forms/forms.go:48.66,49.28 1 1
logical_calculator/internal/forms/forms.go:49.28,50.17 1 1
logical_calculator/internal/forms/forms.go:50.17,52.4 1 1
logical_calculator/internal/forms/forms.go:52.9,54.4 1 1
logical_calculator/internal/forms/forms.go:56.2,56.27 1 1
logical_calculator/internal/forms/forms.go:59.40,61.28 2 1
logical_calculator/internal/forms/forms.go:61.28,62.17 1 1
logical_calculator/internal/forms/forms.go:62.17,65.4 2 1
logical_calculator/internal/forms/forms.go:67.2,67.14 1 1
logical_calculator/internal/evaluator/evaluator.go:6.61,8.28 2 1
logical_calculator/internal/evaluator/evaluator.go:8.28,10.3 1 1
logical_calculator/internal/evaluator/evaluator.go:11.2,11.21 1 1
logical_calculator/internal/evaluator/evaluator.go:11.21,13.3 1 1
logical_calculator/internal/evaluator/evaluator.go:14.2,14.17 1 1
logical_calculator/internal/evaluator/evaluator.go:17.81,18.40 1 1
logical_calculator/internal/evaluator/evaluator.go:18.40,20.3 1 1
logical_calculator/internal/evaluator/evaluator.go:21.2,21.36 1 1
logical_calculator/internal/evaluator/evaluator.go:24.52,25.24 1 1
logical_calculator/internal/evaluator/evaluator.go:25.24,27.3 1 1
logical_calculator/internal/evaluator/evaluator.go:28.2,28.31 1 1
logical_calculator/internal/evaluator/evaluator.go:31.36,34.2 2 1
logical_calculator/internal/evaluator/evaluator.go:36.50,42.12 5 1
logical_calculator/internal/evaluator/evaluator.go:43.20,44.15 1 1
logical_calculator/internal/evaluator/evaluator.go:45.19,46.15 1 1
logical_calculator/internal/evaluator/evaluator.go:47.20,48.16 1 1
logical_calculator/internal/evaluator/evaluator.go:49.19,50.15 1 1
logical_calculator/internal/evaluator/evaluator.go:52.2,52.27 1 1
